<?xml version="1.0" encoding="UTF-8"?>
<!-- Generated by org.testng.reporters.JUnitXMLReporter -->
<testsuite ignored="3" hostname="APT04-1DKF7G3" failures="1" tests="7" name="Regression" time="0.068" errors="0" timestamp="2024-03-17T11:21:10 IST">
  <testcase classname="FrameworkDay1.TestNG" name="Demosecondtest" time="0.0">
    <failure type="org.testng.TestNGException" message="
Parameter &amp;apos;Browser&amp;apos; is required by @Test on method Demosecondtest but has not been marked @Optional or defined
in C:\Users\cprakash\eclipse-workspace\TestNGTutorial\testng3.xml">
      <![CDATA[org.testng.TestNGException: 
Parameter 'Browser' is required by @Test on method Demosecondtest but has not been marked @Optional or defined
in C:\Users\cprakash\eclipse-workspace\TestNGTutorial\testng3.xml
at java.base/java.util.ArrayList.forEach(ArrayList.java:1511)
... Removed 26 stack frames]]>
    </failure>
  </testcase> <!-- Demosecondtest -->
  <testcase classname="FrameworkDay1.Day3" name="LoginAPIcarLoan" time="0.002"/>
  <testcase classname="FrameworkDay1.Day3" name="weblogincarloan" time="0.0"/>
  <testcase classname="FrameworkDay1.Day4" name="LoginAPIHomeLoan" time="0.001"/>
  <testcase classname="FrameworkDay1.Day4" name="MobileLoginHomeLoan" time="0.001"/>
  <testcase classname="FrameworkDay1.Day4" name="Mobilelogin" time="0.006"/>
  <testcase classname="FrameworkDay1.Day4" name="webloginHomeloan" time="0.001"/>
  <testcase classname="FrameworkDay1.Day2" name="Ploan" time="0.0">
    <ignored/>
  </testcase> <!-- Ploan -->
  <testcase classname="FrameworkDay1.Day3" name="MobileLogincarLoan" time="0.0">
    <ignored/>
  </testcase> <!-- MobileLogincarLoan -->
  <testcase classname="FrameworkDay1.TestNG" name="Demo" time="0.0">
    <ignored/>
  </testcase> <!-- Demo -->
</testsuite> <!-- Regression -->
